[I 2023-09-18 00:40:05,348] Trial 0 finished with value: 21.203149097970112 and parameters: {'lr': 0.2, 'n_iters': 500}. Best is trial 0 with value: 21.203149097970112.
[I 2023-09-18 00:40:05,635] Trial 1 finished with value: 21.204096787201273 and parameters: {'lr': 0.15000000000000002, 'n_iters': 300}. Best is trial 0 with value: 21.203149097970112.
[I 2023-09-18 00:40:07,171] Trial 2 finished with value: 21.203149086577 and parameters: {'lr': 0.25, 'n_iters': 1500}. Best is trial 2 with value: 21.203149086577.
[I 2023-09-18 00:40:09,060] Trial 3 finished with value: 21.203149086577 and parameters: {'lr': 0.2, 'n_iters': 1900}. Best is trial 2 with value: 21.203149086577.
[I 2023-09-18 00:40:11,737] Trial 4 finished with value: 21.203149086577 and parameters: {'lr': 0.2, 'n_iters': 1700}. Best is trial 2 with value: 21.203149086577.
[I 2023-09-18 00:40:14,517] Trial 5 finished with value: 21.203149086577003 and parameters: {'lr': 0.15000000000000002, 'n_iters': 2000}. Best is trial 2 with value: 21.203149086577.
[I 2023-09-18 00:40:15,801] Trial 6 finished with value: 21.203149086577 and parameters: {'lr': 0.5, 'n_iters': 1300}. Best is trial 2 with value: 21.203149086577.
[I 2023-09-18 00:40:17,539] Trial 7 finished with value: 21.203149086577 and parameters: {'lr': 0.5, 'n_iters': 1700}. Best is trial 2 with value: 21.203149086577.
[I 2023-09-18 00:40:18,845] Trial 8 finished with value: 21.203149086577 and parameters: {'lr': 0.25, 'n_iters': 1300}. Best is trial 2 with value: 21.203149086577.
[I 2023-09-18 00:40:19,351] Trial 9 finished with value: 21.203149086577 and parameters: {'lr': 0.45, 'n_iters': 500}. Best is trial 2 with value: 21.203149086577.
[I 2023-09-18 00:40:20,239] Trial 10 finished with value: 21.204142594805358 and parameters: {'lr': 0.05, 'n_iters': 900}. Best is trial 2 with value: 21.203149086577.
[I 2023-09-18 00:40:22,192] Trial 11 finished with value: 21.203149086577 and parameters: {'lr': 0.35000000000000003, 'n_iters': 2000}. Best is trial 2 with value: 21.203149086577.
[I 2023-09-18 00:40:24,353] Trial 12 finished with value: 21.203149086577 and parameters: {'lr': 0.35000000000000003, 'n_iters': 1600}. Best is trial 2 with value: 21.203149086577.
[I 2023-09-18 00:40:26,945] Trial 13 finished with value: 21.203149086577 and parameters: {'lr': 0.3, 'n_iters': 1300}. Best is trial 2 with value: 21.203149086577.
[I 2023-09-18 00:40:27,958] Trial 14 finished with value: 21.203507402491926 and parameters: {'lr': 0.05, 'n_iters': 1000}. Best is trial 2 with value: 21.203149086577.
[I 2023-09-18 00:40:29,455] Trial 15 finished with value: 21.203149086577 and parameters: {'lr': 0.3, 'n_iters': 1500}. Best is trial 2 with value: 21.203149086577.
[I 2023-09-18 00:40:31,358] Trial 16 finished with value: 21.203149086577 and parameters: {'lr': 0.15000000000000002, 'n_iters': 1900}. Best is trial 2 with value: 21.203149086577.
[I 2023-09-18 00:40:33,120] Trial 17 finished with value: 21.203149086577 and parameters: {'lr': 0.4, 'n_iters': 1800}. Best is trial 2 with value: 21.203149086577.
[I 2023-09-18 00:40:34,321] Trial 18 finished with value: 21.203149086577007 and parameters: {'lr': 0.25, 'n_iters': 1200}. Best is trial 2 with value: 21.203149086577.
[I 2023-09-18 00:40:35,798] Trial 19 finished with value: 21.203149086577 and parameters: {'lr': 0.2, 'n_iters': 1500}. Best is trial 2 with value: 21.203149086577.
[I 2023-09-18 00:40:36,611] Trial 20 finished with value: 21.20314984284158 and parameters: {'lr': 0.1, 'n_iters': 800}. Best is trial 2 with value: 21.203149086577.
[I 2023-09-18 00:40:40,048] Trial 21 finished with value: 21.203149086577 and parameters: {'lr': 0.2, 'n_iters': 1700}. Best is trial 2 with value: 21.203149086577.
[I 2023-09-18 00:40:41,588] Trial 22 finished with value: 21.203149086577 and parameters: {'lr': 0.25, 'n_iters': 1500}. Best is trial 2 with value: 21.203149086577.
[I 2023-09-18 00:40:43,488] Trial 23 finished with value: 21.203149086577 and parameters: {'lr': 0.2, 'n_iters': 1800}. Best is trial 2 with value: 21.203149086577.
[I 2023-09-18 00:40:45,278] Trial 24 finished with value: 21.203149086577 and parameters: {'lr': 0.1, 'n_iters': 1800}. Best is trial 2 with value: 21.203149086577.
[I 2023-09-18 00:40:46,942] Trial 25 finished with value: 21.203149086577 and parameters: {'lr': 0.3, 'n_iters': 1600}. Best is trial 2 with value: 21.203149086577.
[I 2023-09-18 00:40:49,042] Trial 26 finished with value: 21.203149086577 and parameters: {'lr': 0.35000000000000003, 'n_iters': 2000}. Best is trial 2 with value: 21.203149086577.
[I 2023-09-18 00:40:50,317] Trial 27 finished with value: 21.203149088215447 and parameters: {'lr': 0.1, 'n_iters': 1100}. Best is trial 2 with value: 21.203149086577.
[I 2023-09-18 00:40:53,288] Trial 28 finished with value: 21.203149086577 and parameters: {'lr': 0.25, 'n_iters': 1400}. Best is trial 2 with value: 21.203149086577.
[I 2023-09-18 00:40:53,538] Trial 29 finished with value: 21.64754532543505 and parameters: {'lr': 0.15000000000000002, 'n_iters': 100}. Best is trial 2 with value: 21.203149086577.
[I 2023-09-18 00:40:55,273] Trial 30 finished with value: 21.203149086577 and parameters: {'lr': 0.2, 'n_iters': 1700}. Best is trial 2 with value: 21.203149086577.
[I 2023-09-18 00:40:56,517] Trial 31 finished with value: 21.203149086577 and parameters: {'lr': 0.45, 'n_iters': 1200}. Best is trial 2 with value: 21.203149086577.
[I 2023-09-18 00:40:57,953] Trial 32 finished with value: 21.203149086577 and parameters: {'lr': 0.5, 'n_iters': 1400}. Best is trial 2 with value: 21.203149086577.
[I 2023-09-18 00:40:58,652] Trial 33 finished with value: 21.203149086577003 and parameters: {'lr': 0.25, 'n_iters': 700}. Best is trial 2 with value: 21.203149086577.
[I 2023-09-18 00:41:00,276] Trial 34 finished with value: 21.203149086577003 and parameters: {'lr': 0.15000000000000002, 'n_iters': 1600}. Best is trial 2 with value: 21.203149086577.
[I 2023-09-18 00:41:02,117] Trial 35 finished with value: 21.203149086577 and parameters: {'lr': 0.3, 'n_iters': 1900}. Best is trial 2 with value: 21.203149086577.
[I 2023-09-18 00:41:03,377] Trial 36 finished with value: 21.203149086577 and parameters: {'lr': 0.2, 'n_iters': 1300}. Best is trial 2 with value: 21.203149086577.
[I 2023-09-18 00:41:06,072] Trial 37 finished with value: 21.203149086577 and parameters: {'lr': 0.4, 'n_iters': 1400}. Best is trial 2 with value: 21.203149086577.
[I 2023-09-18 00:41:08,603] Trial 38 finished with value: 21.203149086577 and parameters: {'lr': 0.25, 'n_iters': 1900}. Best is trial 2 with value: 21.203149086577.
[I 2023-09-18 00:41:09,733] Trial 39 finished with value: 21.203149086577024 and parameters: {'lr': 0.15000000000000002, 'n_iters': 1100}. Best is trial 2 with value: 21.203149086577.
[I 2023-09-18 00:41:11,475] Trial 40 finished with value: 21.203149086577 and parameters: {'lr': 0.5, 'n_iters': 1700}. Best is trial 2 with value: 21.203149086577.
[I 2023-09-18 00:41:13,049] Trial 41 finished with value: 21.203149086577 and parameters: {'lr': 0.5, 'n_iters': 1600}. Best is trial 2 with value: 21.203149086577.
[I 2023-09-18 00:41:14,796] Trial 42 finished with value: 21.203149086577 and parameters: {'lr': 0.45, 'n_iters': 1700}. Best is trial 2 with value: 21.203149086577.
[I 2023-09-18 00:41:16,777] Trial 43 finished with value: 21.203149086577 and parameters: {'lr': 0.45, 'n_iters': 2000}. Best is trial 2 with value: 21.203149086577.
[I 2023-09-18 00:41:20,338] Trial 44 finished with value: 21.203149086577 and parameters: {'lr': 0.4, 'n_iters': 1800}. Best is trial 2 with value: 21.203149086577.
[I 2023-09-18 00:41:22,165] Trial 45 finished with value: 21.203149086577 and parameters: {'lr': 0.5, 'n_iters': 1500}. Best is trial 2 with value: 21.203149086577.
[I 2023-09-18 00:41:23,353] Trial 46 finished with value: 21.203149086577 and parameters: {'lr': 0.3, 'n_iters': 1200}. Best is trial 2 with value: 21.203149086577.
[I 2023-09-18 00:41:25,226] Trial 47 finished with value: 21.203149086577 and parameters: {'lr': 0.35000000000000003, 'n_iters': 1900}. Best is trial 2 with value: 21.203149086577.
[I 2023-09-18 00:41:26,538] Trial 48 finished with value: 21.203149086577 and parameters: {'lr': 0.45, 'n_iters': 1300}. Best is trial 2 with value: 21.203149086577.
[I 2023-09-18 00:41:28,137] Trial 49 finished with value: 21.203149086577 and parameters: {'lr': 0.2, 'n_iters': 1600}. Best is trial 2 with value: 21.203149086577.
[I 2023-09-18 00:41:29,068] Trial 50 finished with value: 21.203149086577003 and parameters: {'lr': 0.25, 'n_iters': 900}. Best is trial 2 with value: 21.203149086577.
[I 2023-09-18 00:41:30,504] Trial 51 finished with value: 21.203149086577 and parameters: {'lr': 0.25, 'n_iters': 1400}. Best is trial 2 with value: 21.203149086577.
[I 2023-09-18 00:41:33,308] Trial 52 finished with value: 21.203149086577 and parameters: {'lr': 0.2, 'n_iters': 1500}. Best is trial 2 with value: 21.203149086577.
[I 2023-09-18 00:41:35,275] Trial 53 finished with value: 21.203149086577 and parameters: {'lr': 0.3, 'n_iters': 1300}. Best is trial 2 with value: 21.203149086577.
[I 2023-09-18 00:41:36,300] Trial 54 finished with value: 21.20314908657743 and parameters: {'lr': 0.15000000000000002, 'n_iters': 1000}. Best is trial 2 with value: 21.203149086577.
[I 2023-09-18 00:41:38,050] Trial 55 finished with value: 21.203149086577 and parameters: {'lr': 0.25, 'n_iters': 1700}. Best is trial 2 with value: 21.203149086577.
[I 2023-09-18 00:41:39,858] Trial 56 finished with value: 21.203149086577 and parameters: {'lr': 0.35000000000000003, 'n_iters': 1800}. Best is trial 2 with value: 21.203149086577.
[I 2023-09-18 00:41:41,066] Trial 57 finished with value: 21.203149086577003 and parameters: {'lr': 0.2, 'n_iters': 1200}. Best is trial 2 with value: 21.203149086577.
[I 2023-09-18 00:41:42,702] Trial 58 finished with value: 21.203149086577 and parameters: {'lr': 0.2, 'n_iters': 1600}. Best is trial 2 with value: 21.203149086577.
[I 2023-09-18 00:41:44,205] Trial 59 finished with value: 21.203149086577465 and parameters: {'lr': 0.1, 'n_iters': 1500}. Best is trial 2 with value: 21.203149086577.
[I 2023-09-18 00:41:48,223] Trial 60 finished with value: 21.203149086577 and parameters: {'lr': 0.3, 'n_iters': 2000}. Best is trial 2 with value: 21.203149086577.
[I 2023-09-18 00:41:48,771] Trial 61 finished with value: 21.203149086577003 and parameters: {'lr': 0.5, 'n_iters': 500}. Best is trial 2 with value: 21.203149086577.
[I 2023-09-18 00:41:49,117] Trial 62 finished with value: 21.20314908658294 and parameters: {'lr': 0.45, 'n_iters': 300}. Best is trial 2 with value: 21.203149086577.
[I 2023-09-18 00:41:49,731] Trial 63 finished with value: 21.203149086577 and parameters: {'lr': 0.5, 'n_iters': 600}. Best is trial 2 with value: 21.203149086577.
[I 2023-09-18 00:41:50,088] Trial 64 finished with value: 21.203149086721183 and parameters: {'lr': 0.4, 'n_iters': 300}. Best is trial 2 with value: 21.203149086577.
[I 2023-09-18 00:41:50,238] Trial 65 finished with value: 21.203968380081385 and parameters: {'lr': 0.45, 'n_iters': 100}. Best is trial 2 with value: 21.203149086577.
[I 2023-09-18 00:41:51,201] Trial 66 finished with value: 21.203149086577 and parameters: {'lr': 0.5, 'n_iters': 900}. Best is trial 2 with value: 21.203149086577.
[I 2023-09-18 00:41:52,337] Trial 67 finished with value: 21.203149086577 and parameters: {'lr': 0.25, 'n_iters': 1100}. Best is trial 2 with value: 21.203149086577.
[I 2023-09-18 00:41:53,766] Trial 68 finished with value: 21.203149086577 and parameters: {'lr': 0.15000000000000002, 'n_iters': 1400}. Best is trial 2 with value: 21.203149086577.
[I 2023-09-18 00:41:55,688] Trial 69 finished with value: 21.203149086577 and parameters: {'lr': 0.2, 'n_iters': 1900}. Best is trial 2 with value: 21.203149086577.
[I 2023-09-18 00:41:57,075] Trial 70 finished with value: 21.203149086577 and parameters: {'lr': 0.5, 'n_iters': 1300}. Best is trial 2 with value: 21.203149086577.
[I 2023-09-18 00:42:00,189] Trial 71 finished with value: 21.203149086577 and parameters: {'lr': 0.4, 'n_iters': 2000}. Best is trial 2 with value: 21.203149086577.
[I 2023-09-18 00:42:02,862] Trial 72 finished with value: 21.203149086577 and parameters: {'lr': 0.45, 'n_iters': 1900}. Best is trial 2 with value: 21.203149086577.
[I 2023-09-18 00:42:04,720] Trial 73 finished with value: 21.203149086577 and parameters: {'lr': 0.25, 'n_iters': 1800}. Best is trial 2 with value: 21.203149086577.
[I 2023-09-18 00:42:06,480] Trial 74 finished with value: 21.203149086577 and parameters: {'lr': 0.35000000000000003, 'n_iters': 1700}. Best is trial 2 with value: 21.203149086577.
[I 2023-09-18 00:42:06,739] Trial 75 finished with value: 21.20318884309693 and parameters: {'lr': 0.3, 'n_iters': 200}. Best is trial 2 with value: 21.203149086577.
[I 2023-09-18 00:42:08,574] Trial 76 finished with value: 21.203149086577 and parameters: {'lr': 0.5, 'n_iters': 1800}. Best is trial 2 with value: 21.203149086577.
[I 2023-09-18 00:42:09,406] Trial 77 finished with value: 21.203149086577003 and parameters: {'lr': 0.25, 'n_iters': 800}. Best is trial 2 with value: 21.203149086577.
[I 2023-09-18 00:42:11,088] Trial 78 finished with value: 21.203149086577 and parameters: {'lr': 0.2, 'n_iters': 1600}. Best is trial 2 with value: 21.203149086577.
[I 2023-09-18 00:42:14,057] Trial 79 finished with value: 21.203149086577 and parameters: {'lr': 0.45, 'n_iters': 1700}. Best is trial 2 with value: 21.203149086577.
[I 2023-09-18 00:42:16,650] Trial 80 finished with value: 21.203149086577 and parameters: {'lr': 0.4, 'n_iters': 2000}. Best is trial 2 with value: 21.203149086577.
[I 2023-09-18 00:42:18,201] Trial 81 finished with value: 21.203149086577 and parameters: {'lr': 0.35000000000000003, 'n_iters': 1500}. Best is trial 2 with value: 21.203149086577.
[I 2023-09-18 00:42:19,807] Trial 82 finished with value: 21.203149086577 and parameters: {'lr': 0.3, 'n_iters': 1600}. Best is trial 2 with value: 21.203149086577.
[I 2023-09-18 00:42:21,260] Trial 83 finished with value: 21.203149086577 and parameters: {'lr': 0.35000000000000003, 'n_iters': 1400}. Best is trial 2 with value: 21.203149086577.
[I 2023-09-18 00:42:23,268] Trial 84 finished with value: 21.203149086577 and parameters: {'lr': 0.25, 'n_iters': 1900}. Best is trial 2 with value: 21.203149086577.
[I 2023-09-18 00:42:23,804] Trial 85 finished with value: 21.203149086577 and parameters: {'lr': 0.4, 'n_iters': 500}. Best is trial 2 with value: 21.203149086577.
[I 2023-09-18 00:42:26,181] Trial 86 finished with value: 21.203149086577 and parameters: {'lr': 0.2, 'n_iters': 1800}. Best is trial 2 with value: 21.203149086577.
[I 2023-09-18 00:42:29,179] Trial 87 finished with value: 21.203149086577 and parameters: {'lr': 0.5, 'n_iters': 1700}. Best is trial 2 with value: 21.203149086577.
[I 2023-09-18 00:42:30,700] Trial 88 finished with value: 21.203149086577 and parameters: {'lr': 0.3, 'n_iters': 1500}. Best is trial 2 with value: 21.203149086577.
[I 2023-09-18 00:42:32,038] Trial 89 finished with value: 21.203149086577 and parameters: {'lr': 0.15000000000000002, 'n_iters': 1300}. Best is trial 2 with value: 21.203149086577.
[I 2023-09-18 00:42:33,163] Trial 90 finished with value: 21.203149086577 and parameters: {'lr': 0.45, 'n_iters': 1100}. Best is trial 2 with value: 21.203149086577.
[I 2023-09-18 00:42:34,802] Trial 91 finished with value: 21.203149086577 and parameters: {'lr': 0.35000000000000003, 'n_iters': 1600}. Best is trial 2 with value: 21.203149086577.
[I 2023-09-18 00:42:36,045] Trial 92 finished with value: 21.203149086577 and parameters: {'lr': 0.3, 'n_iters': 1200}. Best is trial 2 with value: 21.203149086577.
[I 2023-09-18 00:42:37,431] Trial 93 finished with value: 21.203149086577 and parameters: {'lr': 0.25, 'n_iters': 1400}. Best is trial 2 with value: 21.203149086577.
[I 2023-09-18 00:42:38,985] Trial 94 finished with value: 21.203149086577 and parameters: {'lr': 0.35000000000000003, 'n_iters': 1300}. Best is trial 2 with value: 21.203149086577.
[I 2023-09-18 00:42:41,123] Trial 95 finished with value: 21.203507402491926 and parameters: {'lr': 0.05, 'n_iters': 1000}. Best is trial 2 with value: 21.203149086577.
[I 2023-09-18 00:42:42,064] Trial 96 finished with value: 21.203149097378127 and parameters: {'lr': 0.25, 'n_iters': 400}. Best is trial 2 with value: 21.203149086577.
[I 2023-09-18 00:42:43,317] Trial 97 finished with value: 21.203149086577 and parameters: {'lr': 0.3, 'n_iters': 1200}. Best is trial 2 with value: 21.203149086577.
[I 2023-09-18 00:42:44,814] Trial 98 finished with value: 21.203149086577 and parameters: {'lr': 0.2, 'n_iters': 1500}. Best is trial 2 with value: 21.203149086577.
[I 2023-09-18 00:42:46,517] Trial 99 finished with value: 21.203149086577 and parameters: {'lr': 0.5, 'n_iters': 1700}. Best is trial 2 with value: 21.203149086577.
Best hyperparameters: {'lr': 0.25, 'n_iters': 1500}