[I 2023-09-18 00:34:23,291] Trial 0 finished with value: 29.293529757932095 and parameters: {'lr': 0.1, 'n_iters': 1100}. Best is trial 0 with value: 29.293529757932095.
[I 2023-09-18 00:34:23,306] Trial 1 finished with value: 1.8058189296422933e+24 and parameters: {'lr': 0.5, 'n_iters': 1100}. Best is trial 0 with value: 29.293529757932095.
[I 2023-09-18 00:34:23,320] Trial 2 finished with value: 9.627355748583582e+23 and parameters: {'lr': 0.4, 'n_iters': 500}. Best is trial 0 with value: 29.293529757932095.
[I 2023-09-18 00:34:23,334] Trial 3 finished with value: 7.85271976194493e+22 and parameters: {'lr': 0.5, 'n_iters': 1900}. Best is trial 0 with value: 29.293529757932095.
[I 2023-09-18 00:34:23,350] Trial 4 finished with value: 4.5503156482954614e+23 and parameters: {'lr': 0.45, 'n_iters': 1000}. Best is trial 0 with value: 29.293529757932095.
[I 2023-09-18 00:34:23,371] Trial 5 finished with value: 27.47707642863501 and parameters: {'lr': 0.1, 'n_iters': 1200}. Best is trial 5 with value: 27.47707642863501.
[I 2023-09-18 00:34:23,385] Trial 6 finished with value: 70.69890289785207 and parameters: {'lr': 0.3, 'n_iters': 500}. Best is trial 5 with value: 27.47707642863501.
[I 2023-09-18 00:34:23,401] Trial 7 finished with value: 2.288269021525671e+24 and parameters: {'lr': 0.5, 'n_iters': 300}. Best is trial 5 with value: 27.47707642863501.
[I 2023-09-18 00:34:23,415] Trial 8 finished with value: 2.709188104912866e+24 and parameters: {'lr': 0.5, 'n_iters': 1300}. Best is trial 5 with value: 27.47707642863501.
[I 2023-09-18 00:34:23,446] Trial 9 finished with value: 1.4237836209401223e+24 and parameters: {'lr': 0.5, 'n_iters': 600}. Best is trial 5 with value: 27.47707642863501.
[I 2023-09-18 00:34:23,478] Trial 10 finished with value: 21.804663963687183 and parameters: {'lr': 0.05, 'n_iters': 1700}. Best is trial 10 with value: 21.804663963687183.
[I 2023-09-18 00:34:23,511] Trial 11 finished with value: 23.42308572112939 and parameters: {'lr': 0.05, 'n_iters': 1800}. Best is trial 10 with value: 21.804663963687183.
[I 2023-09-18 00:34:23,545] Trial 12 finished with value: 22.677062417208777 and parameters: {'lr': 0.05, 'n_iters': 2000}. Best is trial 10 with value: 21.804663963687183.
[I 2023-09-18 00:34:23,579] Trial 13 finished with value: 95.55031681881344 and parameters: {'lr': 0.2, 'n_iters': 1600}. Best is trial 10 with value: 21.804663963687183.
[I 2023-09-18 00:34:23,624] Trial 14 finished with value: 56.35861844731222 and parameters: {'lr': 0.2, 'n_iters': 2000}. Best is trial 10 with value: 21.804663963687183.
[I 2023-09-18 00:34:23,656] Trial 15 finished with value: 24.88223532138196 and parameters: {'lr': 0.05, 'n_iters': 1600}. Best is trial 10 with value: 21.804663963687183.
[I 2023-09-18 00:34:23,689] Trial 16 finished with value: 36.509765563675984 and parameters: {'lr': 0.15000000000000002, 'n_iters': 1600}. Best is trial 10 with value: 21.804663963687183.
[I 2023-09-18 00:34:23,726] Trial 17 finished with value: 36.899001076785005 and parameters: {'lr': 0.3, 'n_iters': 1700}. Best is trial 10 with value: 21.804663963687183.
[I 2023-09-18 00:34:23,768] Trial 18 finished with value: 26.352974961517745 and parameters: {'lr': 0.2, 'n_iters': 1400}. Best is trial 10 with value: 21.804663963687183.
[I 2023-09-18 00:34:23,802] Trial 19 finished with value: 34.05326209335288 and parameters: {'lr': 0.1, 'n_iters': 2000}. Best is trial 10 with value: 21.804663963687183.
[I 2023-09-18 00:34:23,839] Trial 20 finished with value: 69.25447759726714 and parameters: {'lr': 0.35000000000000003, 'n_iters': 800}. Best is trial 10 with value: 21.804663963687183.
[I 2023-09-18 00:34:23,875] Trial 21 finished with value: 24.33008820570401 and parameters: {'lr': 0.05, 'n_iters': 1800}. Best is trial 10 with value: 21.804663963687183.
[I 2023-09-18 00:34:23,922] Trial 22 finished with value: 23.05994302400895 and parameters: {'lr': 0.05, 'n_iters': 1800}. Best is trial 10 with value: 21.804663963687183.
[I 2023-09-18 00:34:23,957] Trial 23 finished with value: 30.3571390017315 and parameters: {'lr': 0.15000000000000002, 'n_iters': 1400}. Best is trial 10 with value: 21.804663963687183.
[I 2023-09-18 00:34:23,997] Trial 24 finished with value: 66.50678626883123 and parameters: {'lr': 0.15000000000000002, 'n_iters': 2000}. Best is trial 10 with value: 21.804663963687183.
[I 2023-09-18 00:34:24,051] Trial 25 finished with value: 21.777933263747443 and parameters: {'lr': 0.05, 'n_iters': 1500}. Best is trial 25 with value: 21.777933263747443.
[I 2023-09-18 00:34:24,084] Trial 26 finished with value: 22.666445722458 and parameters: {'lr': 0.1, 'n_iters': 1500}. Best is trial 25 with value: 21.777933263747443.
[I 2023-09-18 00:34:24,133] Trial 27 finished with value: 72.73436205568525 and parameters: {'lr': 0.1, 'n_iters': 900}. Best is trial 25 with value: 21.777933263747443.
[I 2023-09-18 00:34:24,172] Trial 28 finished with value: 1310.5395316210918 and parameters: {'lr': 0.25, 'n_iters': 1500}. Best is trial 25 with value: 21.777933263747443.
[I 2023-09-18 00:34:24,219] Trial 29 finished with value: 26.589694297247142 and parameters: {'lr': 0.1, 'n_iters': 1300}. Best is trial 25 with value: 21.777933263747443.
[I 2023-09-18 00:34:24,257] Trial 30 finished with value: 24.607159913755698 and parameters: {'lr': 0.15000000000000002, 'n_iters': 100}. Best is trial 25 with value: 21.777933263747443.
[I 2023-09-18 00:34:24,298] Trial 31 finished with value: 28.026231470502605 and parameters: {'lr': 0.05, 'n_iters': 1700}. Best is trial 25 with value: 21.777933263747443.
[I 2023-09-18 00:34:24,349] Trial 32 finished with value: 21.96441685614337 and parameters: {'lr': 0.05, 'n_iters': 1500}. Best is trial 25 with value: 21.777933263747443.
[I 2023-09-18 00:34:24,387] Trial 33 finished with value: 38.77467277951846 and parameters: {'lr': 0.1, 'n_iters': 1100}. Best is trial 25 with value: 21.777933263747443.
[I 2023-09-18 00:34:24,423] Trial 34 finished with value: 26.289447281101523 and parameters: {'lr': 0.05, 'n_iters': 1500}. Best is trial 25 with value: 21.777933263747443.
[I 2023-09-18 00:34:24,466] Trial 35 finished with value: 26.421761428547068 and parameters: {'lr': 0.1, 'n_iters': 1300}. Best is trial 25 with value: 21.777933263747443.
[I 2023-09-18 00:34:24,524] Trial 36 finished with value: 22.871697661171392 and parameters: {'lr': 0.1, 'n_iters': 1500}. Best is trial 25 with value: 21.777933263747443.
[I 2023-09-18 00:34:24,566] Trial 37 finished with value: 25.3851560587206 and parameters: {'lr': 0.15000000000000002, 'n_iters': 1200}. Best is trial 25 with value: 21.777933263747443.
[I 2023-09-18 00:34:24,602] Trial 38 finished with value: 7.826736184881195e+22 and parameters: {'lr': 0.4, 'n_iters': 1700}. Best is trial 25 with value: 21.777933263747443.
[I 2023-09-18 00:34:24,652] Trial 39 finished with value: 23.952710902374786 and parameters: {'lr': 0.05, 'n_iters': 1000}. Best is trial 25 with value: 21.777933263747443.
[I 2023-09-18 00:34:24,689] Trial 40 finished with value: 47.94074836233099 and parameters: {'lr': 0.25, 'n_iters': 1200}. Best is trial 25 with value: 21.777933263747443.
[I 2023-09-18 00:34:24,728] Trial 41 finished with value: 38.94621507519226 and parameters: {'lr': 0.05, 'n_iters': 1900}. Best is trial 25 with value: 21.777933263747443.
[I 2023-09-18 00:34:24,766] Trial 42 finished with value: 22.510338232401175 and parameters: {'lr': 0.05, 'n_iters': 1900}. Best is trial 25 with value: 21.777933263747443.
[I 2023-09-18 00:34:24,814] Trial 43 finished with value: 27.764055887944412 and parameters: {'lr': 0.1, 'n_iters': 1900}. Best is trial 25 with value: 21.777933263747443.
[I 2023-09-18 00:34:24,864] Trial 44 finished with value: 22.98577178072741 and parameters: {'lr': 0.05, 'n_iters': 1400}. Best is trial 25 with value: 21.777933263747443.
[I 2023-09-18 00:34:24,915] Trial 45 finished with value: 29.374788393678788 and parameters: {'lr': 0.1, 'n_iters': 1800}. Best is trial 25 with value: 21.777933263747443.
[I 2023-09-18 00:34:24,963] Trial 46 finished with value: 21.813471306971408 and parameters: {'lr': 0.05, 'n_iters': 1600}. Best is trial 25 with value: 21.777933263747443.
[I 2023-09-18 00:34:25,013] Trial 47 finished with value: 22.362488483432283 and parameters: {'lr': 0.05, 'n_iters': 1700}. Best is trial 25 with value: 21.777933263747443.
[I 2023-09-18 00:34:25,062] Trial 48 finished with value: 51.72815686958645 and parameters: {'lr': 0.15000000000000002, 'n_iters': 1600}. Best is trial 25 with value: 21.777933263747443.
[I 2023-09-18 00:34:25,119] Trial 49 finished with value: 25.585862078485135 and parameters: {'lr': 0.05, 'n_iters': 1700}. Best is trial 25 with value: 21.777933263747443.
[I 2023-09-18 00:34:25,175] Trial 50 finished with value: 47.579952875978066 and parameters: {'lr': 0.2, 'n_iters': 1600}. Best is trial 25 with value: 21.777933263747443.
[I 2023-09-18 00:34:25,221] Trial 51 finished with value: 24.18749563876633 and parameters: {'lr': 0.05, 'n_iters': 1900}. Best is trial 25 with value: 21.777933263747443.
[I 2023-09-18 00:34:25,268] Trial 52 finished with value: 23.35939678150857 and parameters: {'lr': 0.05, 'n_iters': 1800}. Best is trial 25 with value: 21.777933263747443.
[I 2023-09-18 00:34:25,311] Trial 53 finished with value: 23.381919505583753 and parameters: {'lr': 0.1, 'n_iters': 1700}. Best is trial 25 with value: 21.777933263747443.
[I 2023-09-18 00:34:25,353] Trial 54 finished with value: 22.97316625252856 and parameters: {'lr': 0.05, 'n_iters': 1400}. Best is trial 25 with value: 21.777933263747443.
[I 2023-09-18 00:34:25,404] Trial 55 finished with value: 21.74440247955656 and parameters: {'lr': 0.05, 'n_iters': 1900}. Best is trial 55 with value: 21.74440247955656.
[I 2023-09-18 00:34:25,448] Trial 56 finished with value: 2.7317033672348366e+24 and parameters: {'lr': 0.45, 'n_iters': 1600}. Best is trial 55 with value: 21.74440247955656.
[I 2023-09-18 00:34:25,490] Trial 57 finished with value: 25.09922272842942 and parameters: {'lr': 0.05, 'n_iters': 1300}. Best is trial 55 with value: 21.74440247955656.
[I 2023-09-18 00:34:25,542] Trial 58 finished with value: 32.938273227375575 and parameters: {'lr': 0.1, 'n_iters': 1500}. Best is trial 55 with value: 21.74440247955656.
[I 2023-09-18 00:34:25,590] Trial 59 finished with value: 23.709131781052232 and parameters: {'lr': 0.05, 'n_iters': 1800}. Best is trial 55 with value: 21.74440247955656.
[I 2023-09-18 00:34:25,630] Trial 60 finished with value: 24.64025011192148 and parameters: {'lr': 0.1, 'n_iters': 700}. Best is trial 55 with value: 21.74440247955656.
[I 2023-09-18 00:34:25,679] Trial 61 finished with value: 28.51545811571555 and parameters: {'lr': 0.05, 'n_iters': 2000}. Best is trial 55 with value: 21.74440247955656.
[I 2023-09-18 00:34:25,720] Trial 62 finished with value: 23.825515890503084 and parameters: {'lr': 0.05, 'n_iters': 1900}. Best is trial 55 with value: 21.74440247955656.
[I 2023-09-18 00:34:25,762] Trial 63 finished with value: 25.347892092935613 and parameters: {'lr': 0.1, 'n_iters': 1700}. Best is trial 55 with value: 21.74440247955656.
[I 2023-09-18 00:34:25,833] Trial 64 finished with value: 23.43201468677504 and parameters: {'lr': 0.05, 'n_iters': 1900}. Best is trial 55 with value: 21.74440247955656.
[I 2023-09-18 00:34:25,877] Trial 65 finished with value: 27.725006866060166 and parameters: {'lr': 0.05, 'n_iters': 1800}. Best is trial 55 with value: 21.74440247955656.
[I 2023-09-18 00:34:25,918] Trial 66 finished with value: 29.32982467750088 and parameters: {'lr': 0.15000000000000002, 'n_iters': 2000}. Best is trial 55 with value: 21.74440247955656.
[I 2023-09-18 00:34:25,960] Trial 67 finished with value: 31.583512608584023 and parameters: {'lr': 0.1, 'n_iters': 1600}. Best is trial 55 with value: 21.74440247955656.
[I 2023-09-18 00:34:26,006] Trial 68 finished with value: 22.59985667077876 and parameters: {'lr': 0.05, 'n_iters': 1700}. Best is trial 55 with value: 21.74440247955656.
[I 2023-09-18 00:34:26,049] Trial 69 finished with value: 27.671918462280022 and parameters: {'lr': 0.05, 'n_iters': 1800}. Best is trial 55 with value: 21.74440247955656.
[I 2023-09-18 00:34:26,101] Trial 70 finished with value: 380252.2919251283 and parameters: {'lr': 0.35000000000000003, 'n_iters': 1500}. Best is trial 55 with value: 21.74440247955656.
[I 2023-09-18 00:34:26,141] Trial 71 finished with value: 23.799030872190812 and parameters: {'lr': 0.05, 'n_iters': 1700}. Best is trial 55 with value: 21.74440247955656.
[I 2023-09-18 00:34:26,191] Trial 72 finished with value: 27.863558565335016 and parameters: {'lr': 0.1, 'n_iters': 1600}. Best is trial 55 with value: 21.74440247955656.
[I 2023-09-18 00:34:26,242] Trial 73 finished with value: 21.444448698122272 and parameters: {'lr': 0.05, 'n_iters': 1700}. Best is trial 73 with value: 21.444448698122272.
[I 2023-09-18 00:34:26,288] Trial 74 finished with value: 24.87727950777942 and parameters: {'lr': 0.05, 'n_iters': 400}. Best is trial 73 with value: 21.444448698122272.
[I 2023-09-18 00:34:26,336] Trial 75 finished with value: 25.058567367442272 and parameters: {'lr': 0.1, 'n_iters': 1400}. Best is trial 73 with value: 21.444448698122272.
[I 2023-09-18 00:34:26,384] Trial 76 finished with value: 23.698664045324755 and parameters: {'lr': 0.05, 'n_iters': 1800}. Best is trial 73 with value: 21.444448698122272.
[I 2023-09-18 00:34:26,428] Trial 77 finished with value: 36.646629393935584 and parameters: {'lr': 0.1, 'n_iters': 2000}. Best is trial 73 with value: 21.444448698122272.
[I 2023-09-18 00:34:26,472] Trial 78 finished with value: 25.10001708653086 and parameters: {'lr': 0.05, 'n_iters': 1900}. Best is trial 73 with value: 21.444448698122272.
[I 2023-09-18 00:34:26,515] Trial 79 finished with value: 36.65287056668414 and parameters: {'lr': 0.1, 'n_iters': 1500}. Best is trial 73 with value: 21.444448698122272.
[I 2023-09-18 00:34:26,562] Trial 80 finished with value: 25.97764639919935 and parameters: {'lr': 0.05, 'n_iters': 1700}. Best is trial 73 with value: 21.444448698122272.
[I 2023-09-18 00:34:26,606] Trial 81 finished with value: 22.444626866448335 and parameters: {'lr': 0.05, 'n_iters': 1700}. Best is trial 73 with value: 21.444448698122272.
[I 2023-09-18 00:34:26,648] Trial 82 finished with value: 21.233437971199063 and parameters: {'lr': 0.05, 'n_iters': 1600}. Best is trial 82 with value: 21.233437971199063.
[I 2023-09-18 00:34:26,693] Trial 83 finished with value: 21.73770872572939 and parameters: {'lr': 0.05, 'n_iters': 1600}. Best is trial 82 with value: 21.233437971199063.
[I 2023-09-18 00:34:26,738] Trial 84 finished with value: 22.634720626696122 and parameters: {'lr': 0.05, 'n_iters': 1600}. Best is trial 82 with value: 21.233437971199063.
[I 2023-09-18 00:34:26,784] Trial 85 finished with value: 23.7379371919413 and parameters: {'lr': 0.1, 'n_iters': 1400}. Best is trial 82 with value: 21.233437971199063.
[I 2023-09-18 00:34:26,830] Trial 86 finished with value: 37.939599617389085 and parameters: {'lr': 0.05, 'n_iters': 1500}. Best is trial 82 with value: 21.233437971199063.
[I 2023-09-18 00:34:26,874] Trial 87 finished with value: 22.350056756359482 and parameters: {'lr': 0.05, 'n_iters': 1600}. Best is trial 82 with value: 21.233437971199063.
[I 2023-09-18 00:34:26,919] Trial 88 finished with value: 23.797327655446644 and parameters: {'lr': 0.1, 'n_iters': 1600}. Best is trial 82 with value: 21.233437971199063.
[I 2023-09-18 00:34:26,965] Trial 89 finished with value: 130.35497653574805 and parameters: {'lr': 0.3, 'n_iters': 1300}. Best is trial 82 with value: 21.233437971199063.
[I 2023-09-18 00:34:27,013] Trial 90 finished with value: 32.84895834728695 and parameters: {'lr': 0.15000000000000002, 'n_iters': 1500}. Best is trial 82 with value: 21.233437971199063.
[I 2023-09-18 00:34:27,060] Trial 91 finished with value: 26.315405732849996 and parameters: {'lr': 0.05, 'n_iters': 1600}. Best is trial 82 with value: 21.233437971199063.
[I 2023-09-18 00:34:27,106] Trial 92 finished with value: 25.927928052340476 and parameters: {'lr': 0.05, 'n_iters': 1600}. Best is trial 82 with value: 21.233437971199063.
[I 2023-09-18 00:34:27,157] Trial 93 finished with value: 25.90907582073335 and parameters: {'lr': 0.05, 'n_iters': 1800}. Best is trial 82 with value: 21.233437971199063.
[I 2023-09-18 00:34:27,222] Trial 94 finished with value: 21.665981833646118 and parameters: {'lr': 0.05, 'n_iters': 1700}. Best is trial 82 with value: 21.233437971199063.
[I 2023-09-18 00:34:27,269] Trial 95 finished with value: 25.52552900209973 and parameters: {'lr': 0.05, 'n_iters': 1400}. Best is trial 82 with value: 21.233437971199063.
[I 2023-09-18 00:34:27,313] Trial 96 finished with value: 42.23972368947392 and parameters: {'lr': 0.1, 'n_iters': 1500}. Best is trial 82 with value: 21.233437971199063.
[I 2023-09-18 00:34:27,358] Trial 97 finished with value: 24.640180853689152 and parameters: {'lr': 0.05, 'n_iters': 1700}. Best is trial 82 with value: 21.233437971199063.
[I 2023-09-18 00:34:27,415] Trial 98 finished with value: 28.62379420709099 and parameters: {'lr': 0.05, 'n_iters': 1200}. Best is trial 82 with value: 21.233437971199063.
[I 2023-09-18 00:34:27,457] Trial 99 finished with value: 28.307273751926846 and parameters: {'lr': 0.1, 'n_iters': 1500}. Best is trial 82 with value: 21.233437971199063.
Best hyperparameters: {'lr': 0.05, 'n_iters': 1600}